<?xml version="1.0" encoding="UTF-8"?>
<!-- Generated by org.testng.reporters.JUnitReportReporter -->
<testsuite skipped="0" hostname="LAPTOP-U0FRB9PL" name="testCases.SearchVendors" tests="1" failures="0" timestamp="2020-08-11T19:58:24 IST" time="34.942" errors="0">
  <testcase name="verifySearchVendors" time="34.942" classname="testCases.SearchVendors"/>
</testsuite> <!-- testCases.SearchVendors -->
