<?xml version="1.0" encoding="UTF-8"?>
<!-- Generated by org.testng.reporters.JUnitReportReporter -->
<testsuite skipped="0" hostname="LAPTOP-U0FRB9PL" name="testCases.AddAttachment" tests="1" failures="0" timestamp="2020-08-26T08:53:37 IST" time="25.192" errors="0">
  <testcase name="addAttachment" time="25.192" classname="testCases.AddAttachment"/>
</testsuite> <!-- testCases.AddAttachment -->
