<?xml version="1.0" encoding="UTF-8"?>
<!-- Generated by org.testng.reporters.JUnitReportReporter -->
<testsuite skipped="0" hostname="LAPTOP-U0FRB9PL" name="testCases.UpdatePersonalDetails" tests="1" failures="0" timestamp="2020-08-26T08:53:37 IST" time="29.237" errors="0">
  <testcase name="updatePersonalDetails" time="29.237" classname="testCases.UpdatePersonalDetails"/>
</testsuite> <!-- testCases.UpdatePersonalDetails -->
