<?xml version="1.0" encoding="UTF-8"?>
<!-- Generated by org.testng.reporters.JUnitReportReporter -->
<testsuite skipped="0" hostname="LAPTOP-ITPKPT6S" name="testCases.ApplyLeave" tests="1" failures="0" timestamp="2020-08-30T13:50:16 IST" time="71.236" errors="0">
  <testcase name="applyLeave" time="71.236" classname="testCases.ApplyLeave"/>
</testsuite> <!-- testCases.ApplyLeave -->
