<?xml version="1.0" encoding="UTF-8"?>
<!-- Generated by org.testng.reporters.JUnitReportReporter -->
<testsuite skipped="0" hostname="LAPTOP-U0FRB9PL" name="testCases.ApplyLeave" tests="1" failures="0" timestamp="2020-08-26T09:49:11 IST" time="30.205" errors="0">
  <testcase name="applyLeave" time="30.205" classname="testCases.ApplyLeave"/>
</testsuite> <!-- testCases.ApplyLeave -->
