<?xml version="1.0" encoding="UTF-8"?>
<!-- Generated by org.testng.reporters.JUnitReportReporter -->
<testsuite skipped="0" hostname="LAPTOP-U0FRB9PL" name="testCases.VerifyLoginWithInvalidCredential" tests="4" failures="0" timestamp="2020-08-25T20:07:11 IST" time="53.275" errors="0">
  <testcase name="verifyLoginPage" time="13.149" classname="testCases.VerifyLoginWithInvalidCredential"/>
  <testcase name="verifyLoginPage" time="13.253" classname="testCases.VerifyLoginWithInvalidCredential"/>
  <testcase name="verifyLoginPage" time="13.272" classname="testCases.VerifyLoginWithInvalidCredential"/>
  <testcase name="verifyLoginPage" time="13.601" classname="testCases.VerifyLoginWithInvalidCredential"/>
</testsuite> <!-- testCases.VerifyLoginWithInvalidCredential -->
